2026-04-15T09:13:19Z  INFO      cuttingboard.ingestion — yfinance ^VIX: price=18.0900 pct=-0.0147 vol=0.0 attempt=1 duration=0.58s
2026-04-15T09:13:20Z  INFO      cuttingboard.ingestion — yfinance DX-Y.NYB: price=98.0550 pct=-0.0011 vol=0.0 attempt=1 duration=0.28s
2026-04-15T09:13:20Z  INFO      cuttingboard.ingestion — yfinance ^TNX: price=4.2870 pct=+0.0073 vol=0.0 attempt=1 duration=0.29s
2026-04-15T09:13:20Z  INFO      cuttingboard.ingestion — yfinance BTC-USD: price=73974.7266 pct=-0.0031 vol=40846479360.0 attempt=1 duration=0.28s
2026-04-15T09:13:20Z  INFO      cuttingboard.ingestion — yfinance SPY: price=697.3700 pct=+0.0040 vol=21347578.0 attempt=1 duration=0.32s
2026-04-15T09:13:21Z  INFO      cuttingboard.ingestion — yfinance QQQ: price=633.8000 pct=+0.0077 vol=19230645.0 attempt=1 duration=0.32s
2026-04-15T09:13:21Z  INFO      cuttingboard.ingestion — yfinance IWM: price=268.6500 pct=-0.0004 vol=10443815.0 attempt=1 duration=0.33s
2026-04-15T09:13:21Z  INFO      cuttingboard.ingestion — yfinance GLD: price=441.5500 pct=-0.0062 vol=3763745.0 attempt=1 duration=0.29s
2026-04-15T09:13:22Z  INFO      cuttingboard.ingestion — yfinance SLV: price=72.0900 pct=+0.0012 vol=14639722.0 attempt=1 duration=0.30s
2026-04-15T09:13:22Z  INFO      cuttingboard.ingestion — yfinance GDX: price=98.4450 pct=-0.0219 vol=6561361.0 attempt=1 duration=0.32s
2026-04-15T09:13:22Z  INFO      cuttingboard.ingestion — yfinance PAAS: price=57.3500 pct=-0.0138 vol=1917796.0 attempt=1 duration=0.31s
2026-04-15T09:13:23Z  INFO      cuttingboard.ingestion — yfinance USO: price=124.0212 pct=+0.0148 vol=6802589.0 attempt=1 duration=0.28s
2026-04-15T09:13:23Z  INFO      cuttingboard.ingestion — yfinance XLE: price=55.7001 pct=-0.0019 vol=23239137.0 attempt=1 duration=0.32s
2026-04-15T09:13:23Z  INFO      cuttingboard.ingestion — yfinance NVDA: price=199.5950 pct=+0.0174 vol=89491603.0 attempt=1 duration=0.31s
2026-04-15T09:13:24Z  INFO      cuttingboard.ingestion — yfinance TSLA: price=390.7868 pct=+0.0677 vol=58811347.0 attempt=1 duration=0.27s
2026-04-15T09:13:24Z  INFO      cuttingboard.ingestion — yfinance AAPL: price=265.3900 pct=+0.0263 vol=19949915.0 attempt=1 duration=0.35s
2026-04-15T09:13:24Z  INFO      cuttingboard.ingestion — yfinance META: price=676.2400 pct=+0.0155 vol=6763447.0 attempt=1 duration=0.27s
2026-04-15T09:13:24Z  INFO      cuttingboard.ingestion — yfinance AMZN: price=248.3307 pct=-0.0033 vol=18684672.0 attempt=1 duration=0.30s
2026-04-15T09:13:25Z  INFO      cuttingboard.ingestion — yfinance COIN: price=190.4200 pct=+0.0246 vol=6006923.0 attempt=1 duration=0.26s
2026-04-15T09:13:25Z  INFO      cuttingboard.ingestion — yfinance MSTR: price=138.8200 pct=+0.0023 vol=5572829.0 attempt=1 duration=0.28s
2026-04-15T09:13:25Z  INFO      cuttingboard.validation — Validation complete: 20/20 symbols passed, system_halted=False
2026-04-15T09:13:25Z  INFO      cuttingboard.regime — Regime: RISK_ON | STAY_FLAT | confidence=0.25 | net=+2 (on=2 off=0 neutral=6)
2026-04-15T09:13:25Z  INFO      cuttingboard.derived — ^VIX: EMA9=21.3379 EMA21=22.9977 EMA50=22.3147 ATR14=3.3625 mom5d=-0.2878 vol_ratio=N/A
2026-04-15T09:13:25Z  INFO      cuttingboard.derived — DX-Y.NYB: EMA9=98.9436 EMA21=99.1818 EMA50=98.9483 ATR14=0.6735 mom5d=-0.0153 vol_ratio=N/A
2026-04-15T09:13:25Z  INFO      cuttingboard.derived — ^TNX: EMA9=4.3025 EMA21=4.2921 EMA50=4.2415 ATR14=0.0655 mom5d=-0.0200 vol_ratio=N/A
2026-04-15T09:13:25Z  INFO      cuttingboard.derived — BTC-USD: EMA9=71622.1974 EMA21=70392.2564 EMA50=70855.5807 ATR14=2556.6359 mom5d=+0.0473 vol_ratio=1.54x
2026-04-15T09:13:25Z  INFO      cuttingboard.derived — SPY: EMA9=674.9095 EMA21=668.0334 EMA50=670.5865 ATR14=9.7667 mom5d=+0.0535 vol_ratio=0.69x
2026-04-15T09:13:25Z  INFO      cuttingboard.derived — QQQ: EMA9=605.9478 EMA21=598.2295 EMA50=600.3498 ATR14=11.4680 mom5d=+0.0680 vol_ratio=0.80x
2026-04-15T09:13:25Z  INFO      cuttingboard.derived — IWM: EMA9=259.5494 EMA21=255.4196 EMA50=254.8808 ATR14=5.4462 mom5d=+0.0625 vol_ratio=0.54x
2026-04-15T09:13:25Z  INFO      cuttingboard.derived — GLD: EMA9=435.1214 EMA21=435.8917 EMA50=439.3209 ATR14=10.8589 mom5d=+0.0308 vol_ratio=0.60x
2026-04-15T09:13:25Z  INFO      cuttingboard.derived — SLV: EMA9=68.3371 EMA21=68.5021 EMA50=70.1291 ATR14=3.4341 mom5d=+0.0925 vol_ratio=0.78x
2026-04-15T09:13:25Z  INFO      cuttingboard.derived — GDX: EMA9=96.8695 EMA21=95.1445 EMA50=95.5864 ATR14=4.2020 mom5d=+0.0609 vol_ratio=0.53x
2026-04-15T09:13:25Z  INFO      cuttingboard.derived — PAAS: EMA9=56.5072 EMA21=55.8334 EMA50=55.9143 ATR14=2.7951 mom5d=+0.0342 vol_ratio=0.50x
2026-04-15T09:13:25Z  INFO      cuttingboard.derived — USO: EMA9=127.0092 EMA21=121.9225 EMA50=107.6648 ATR14=7.8694 mom5d=-0.1031 vol_ratio=0.28x
2026-04-15T09:13:25Z  INFO      cuttingboard.derived — XLE: EMA9=57.9196 EMA21=58.2545 EMA50=56.1304 ATR14=1.5743 mom5d=-0.0700 vol_ratio=1.03x
2026-04-15T09:13:25Z  INFO      cuttingboard.derived — NVDA: EMA9=185.0700 EMA21=181.6144 EMA50=181.9109 ATR14=5.4188 mom5d=+0.1034 vol_ratio=0.95x
2026-04-15T09:13:25Z  INFO      cuttingboard.derived — TSLA: EMA9=356.7151 EMA21=367.3724 EMA50=387.8470 ATR14=14.3284 mom5d=+0.0506 vol_ratio=0.93x
2026-04-15T09:13:25Z  INFO      cuttingboard.derived — AAPL: EMA9=257.6978 EMA21=256.6364 EMA50=258.6249 ATR14=5.6780 mom5d=+0.0210 vol_ratio=1.18x
2026-04-15T09:13:25Z  INFO      cuttingboard.derived — META: EMA9=617.3208 EMA21=608.7786 EMA50=621.7395 ATR14=21.6148 mom5d=+0.1521 vol_ratio=0.98x
2026-04-15T09:13:25Z  INFO      cuttingboard.derived — AMZN: EMA9=229.5015 EMA21=220.3825 EMA50=218.2078 ATR14=6.9269 mom5d=+0.1649 vol_ratio=1.62x
2026-04-15T09:13:25Z  INFO      cuttingboard.derived — COIN: EMA9=175.4884 EMA21=178.7233 EMA50=189.3569 ATR14=11.2983 mom5d=+0.0527 vol_ratio=0.99x
2026-04-15T09:13:25Z  INFO      cuttingboard.derived — MSTR: EMA9=130.3651 EMA21=131.2655 EMA50=138.5403 ATR14=8.0447 mom5d=+0.1107 vol_ratio=1.12x
2026-04-15T09:13:25Z  INFO      cuttingboard.structure — CHOP ^VIX: EMA not aligned, momentum flat
2026-04-15T09:13:25Z  INFO      cuttingboard.structure — CHOP DX-Y.NYB: EMA not aligned, momentum flat
2026-04-15T09:13:25Z  INFO      cuttingboard.structure — CHOP ^TNX: price outside tradeable EMA zone
2026-04-15T09:13:25Z  INFO      cuttingboard.structure — CHOP SPY: EMA not aligned, momentum flat
2026-04-15T09:13:25Z  INFO      cuttingboard.structure — CHOP QQQ: EMA not aligned, momentum flat
2026-04-15T09:13:25Z  INFO      cuttingboard.structure — CHOP SLV: price outside tradeable EMA zone
2026-04-15T09:13:25Z  INFO      cuttingboard.structure — CHOP GDX: EMA not aligned, momentum flat
2026-04-15T09:13:25Z  INFO      cuttingboard.structure — CHOP PAAS: EMA not aligned, momentum flat
2026-04-15T09:13:25Z  INFO      cuttingboard.structure — CHOP XLE: EMA not aligned, momentum flat
2026-04-15T09:13:25Z  INFO      cuttingboard.structure — CHOP NVDA: EMA not aligned, momentum flat
2026-04-15T09:13:25Z  INFO      cuttingboard.structure — CHOP TSLA: price outside tradeable EMA zone
2026-04-15T09:13:25Z  INFO      cuttingboard.structure — CHOP AAPL: EMA not aligned, momentum flat
2026-04-15T09:13:25Z  INFO      cuttingboard.structure — CHOP META: EMA not aligned, momentum flat
2026-04-15T09:13:25Z  INFO      cuttingboard.structure — CHOP COIN: price outside tradeable EMA zone
2026-04-15T09:13:25Z  INFO      cuttingboard.structure — CHOP MSTR: price outside tradeable EMA zone
2026-04-15T09:13:25Z  INFO      cuttingboard.qualification — Qualification short-circuited — STAY_FLAT posture (regime=RISK_ON, confidence=0.25)
2026-04-15T09:13:25Z  INFO      cuttingboard.output — ntfy notification delivered
2026-04-15T09:13:25Z  INFO      cuttingboard.audit — Audit record written to logs/audit.jsonl
